<?xml version="1.0" encoding="UTF-8"?>
<!-- Generated by org.testng.reporters.JUnitReportReporter -->
<testsuite hostname="LAPTOP-ENSSOPJS" failures="0" tests="2" name="myTestngTest.NewTest" time="0.004" errors="0" timestamp="2020-06-13T02:25:34 EDT" skipped="0">
  <testcase classname="myTestngTest.NewTest" name="myLoginTest" time="0.001"/>
  <testcase classname="myTestngTest.NewTest" name="myLogOutTest" time="0.003"/>
</testsuite> <!-- myTestngTest.NewTest -->
